<?xml version="1.0" encoding="UTF-8"?>
<testng-results skipped="0" failed="0" ignored="0" total="8" passed="8">
  <reporter-output>
  </reporter-output>
  <suite name="Default suite" duration-ms="680" started-at="2022-11-27T19:32:38 CET" finished-at="2022-11-27T19:32:39 CET">
    <groups>
      <group name="cucumber">
        <method signature="AbstractTestNGCucumberTests.runScenario(io.cucumber.testng.PickleWrapper,io.cucumber.testng.FeatureWrapper)[pri:0, instance:cucumberOptions.TestNgTestRunner@eafc191]" name="runScenario" class="io.cucumber.testng.AbstractTestNGCucumberTests"/>
      </group> <!-- cucumber -->
    </groups>
    <test name="Default test" duration-ms="680" started-at="2022-11-27T19:32:38 CET" finished-at="2022-11-27T19:32:39 CET">
      <class name="cucumberOptions.TestNgTestRunner">
        <test-method status="PASS" signature="setUpClass(org.testng.ITestContext)[pri:0, instance:cucumberOptions.TestNgTestRunner@eafc191]" name="setUpClass" is-config="true" duration-ms="343" started-at="2022-11-27T19:32:39 CET" finished-at="2022-11-27T19:32:39 CET">
          <params>
            <param index="0">
              <value>
                <![CDATA[org.testng.TestRunner@a38c7fe]]>
              </value>
            </param>
          </params>
          <reporter-output>
          </reporter-output>
        </test-method> <!-- setUpClass -->
        <test-method status="PASS" signature="runScenario(io.cucumber.testng.PickleWrapper,io.cucumber.testng.FeatureWrapper)[pri:0, instance:cucumberOptions.TestNgTestRunner@eafc191]" name="runScenario" duration-ms="95" started-at="2022-11-27T19:32:39 CET" description="Runs Cucumber Scenarios" data-provider="scenarios" finished-at="2022-11-27T19:32:39 CET">
          <params>
            <param index="0">
              <value>
                <![CDATA["Home page default login"]]>
              </value>
            </param>
            <param index="1">
              <value>
                <![CDATA["Application Login"]]>
              </value>
            </param>
          </params>
          <reporter-output>
          </reporter-output>
        </test-method> <!-- runScenario -->
        <test-method status="PASS" signature="runScenario(io.cucumber.testng.PickleWrapper,io.cucumber.testng.FeatureWrapper)[pri:0, instance:cucumberOptions.TestNgTestRunner@eafc191]" name="runScenario" duration-ms="15" started-at="2022-11-27T19:32:39 CET" description="Runs Cucumber Scenarios" data-provider="scenarios" finished-at="2022-11-27T19:32:39 CET">
          <params>
            <param index="0">
              <value>
                <![CDATA["Home page default login"]]>
              </value>
            </param>
            <param index="1">
              <value>
                <![CDATA["Application Login"]]>
              </value>
            </param>
          </params>
          <reporter-output>
          </reporter-output>
        </test-method> <!-- runScenario -->
        <test-method status="PASS" signature="runScenario(io.cucumber.testng.PickleWrapper,io.cucumber.testng.FeatureWrapper)[pri:0, instance:cucumberOptions.TestNgTestRunner@eafc191]" name="runScenario" duration-ms="14" started-at="2022-11-27T19:32:39 CET" description="Runs Cucumber Scenarios" data-provider="scenarios" finished-at="2022-11-27T19:32:39 CET">
          <params>
            <param index="0">
              <value>
                <![CDATA["Home page default login"]]>
              </value>
            </param>
            <param index="1">
              <value>
                <![CDATA["Application Login"]]>
              </value>
            </param>
          </params>
          <reporter-output>
          </reporter-output>
        </test-method> <!-- runScenario -->
        <test-method status="PASS" signature="runScenario(io.cucumber.testng.PickleWrapper,io.cucumber.testng.FeatureWrapper)[pri:0, instance:cucumberOptions.TestNgTestRunner@eafc191]" name="runScenario" duration-ms="23" started-at="2022-11-27T19:32:39 CET" description="Runs Cucumber Scenarios" data-provider="scenarios" finished-at="2022-11-27T19:32:39 CET">
          <params>
            <param index="0">
              <value>
                <![CDATA["Home page default login"]]>
              </value>
            </param>
            <param index="1">
              <value>
                <![CDATA["Application Login"]]>
              </value>
            </param>
          </params>
          <reporter-output>
          </reporter-output>
        </test-method> <!-- runScenario -->
        <test-method status="PASS" signature="runScenario(io.cucumber.testng.PickleWrapper,io.cucumber.testng.FeatureWrapper)[pri:0, instance:cucumberOptions.TestNgTestRunner@eafc191]" name="runScenario" duration-ms="14" started-at="2022-11-27T19:32:39 CET" description="Runs Cucumber Scenarios" data-provider="scenarios" finished-at="2022-11-27T19:32:39 CET">
          <params>
            <param index="0">
              <value>
                <![CDATA["Home page default login"]]>
              </value>
            </param>
            <param index="1">
              <value>
                <![CDATA["Application Login"]]>
              </value>
            </param>
          </params>
          <reporter-output>
          </reporter-output>
        </test-method> <!-- runScenario -->
        <test-method status="PASS" signature="runScenario(io.cucumber.testng.PickleWrapper,io.cucumber.testng.FeatureWrapper)[pri:0, instance:cucumberOptions.TestNgTestRunner@eafc191]" name="runScenario" duration-ms="17" started-at="2022-11-27T19:32:39 CET" description="Runs Cucumber Scenarios" data-provider="scenarios" finished-at="2022-11-27T19:32:39 CET">
          <params>
            <param index="0">
              <value>
                <![CDATA["Home page default login"]]>
              </value>
            </param>
            <param index="1">
              <value>
                <![CDATA["Application Login"]]>
              </value>
            </param>
          </params>
          <reporter-output>
          </reporter-output>
        </test-method> <!-- runScenario -->
        <test-method status="PASS" signature="runScenario(io.cucumber.testng.PickleWrapper,io.cucumber.testng.FeatureWrapper)[pri:0, instance:cucumberOptions.TestNgTestRunner@eafc191]" name="runScenario" duration-ms="17" started-at="2022-11-27T19:32:39 CET" description="Runs Cucumber Scenarios" data-provider="scenarios" finished-at="2022-11-27T19:32:39 CET">
          <params>
            <param index="0">
              <value>
                <![CDATA["Home page default login"]]>
              </value>
            </param>
            <param index="1">
              <value>
                <![CDATA["Application Login"]]>
              </value>
            </param>
          </params>
          <reporter-output>
          </reporter-output>
        </test-method> <!-- runScenario -->
        <test-method status="PASS" signature="runScenario(io.cucumber.testng.PickleWrapper,io.cucumber.testng.FeatureWrapper)[pri:0, instance:cucumberOptions.TestNgTestRunner@eafc191]" name="runScenario" duration-ms="23" started-at="2022-11-27T19:32:39 CET" description="Runs Cucumber Scenarios" data-provider="scenarios" finished-at="2022-11-27T19:32:39 CET">
          <params>
            <param index="0">
              <value>
                <![CDATA["Home page default login"]]>
              </value>
            </param>
            <param index="1">
              <value>
                <![CDATA["Application Login"]]>
              </value>
            </param>
          </params>
          <reporter-output>
          </reporter-output>
        </test-method> <!-- runScenario -->
        <test-method status="PASS" signature="tearDownClass()[pri:0, instance:cucumberOptions.TestNgTestRunner@eafc191]" name="tearDownClass" is-config="true" duration-ms="11" started-at="2022-11-27T19:32:39 CET" finished-at="2022-11-27T19:32:39 CET">
          <reporter-output>
          </reporter-output>
        </test-method> <!-- tearDownClass -->
      </class> <!-- cucumberOptions.TestNgTestRunner -->
    </test> <!-- Default test -->
  </suite> <!-- Default suite -->
</testng-results>
